<?xml version="1.0" encoding="UTF-8"?>
<testsuite xmlns:xsi="http://www.w3.org/2001/XMLSchema-instance" xsi:noNamespaceSchemaLocation="https://maven.apache.org/surefire/maven-surefire-plugin/xsd/surefire-test-report.xsd" version="3.0.2" name="com.b2b.spring.boot.demo.ApplicationTests" time="13.924" tests="1" errors="0" skipped="0" failures="0">
  <properties>
[...]
</properties>
  <testcase name="contextLoads" classname="com.b2b.spring.boot.demo.ApplicationTests" time="1.001">
    <system-out><![CDATA[17:44:11.260 [main] INFO org.springframework.test.context.support.AnnotationConfigContextLoaderUtils -- Could not detect default configuration classes for test class [com.b2b.spring.boot.demo.ApplicationTests]: ApplicationTests does not declare any static, non-private, non-final, nested classes annotated with @Configuration.
17:44:11.626 [main] INFO org.springframework.boot.test.context.SpringBootTestContextBootstrapper -- Found @SpringBootConfiguration com.b2b.spring.boot.demo.Application for test class com.b2b.spring.boot.demo.ApplicationTests

  .   ____          _            __ _ _
 /\\ / ___'_ __ _ _(_)_ __  __ _ \ \ \ \
( ( )\___ | '_ | '_| | '_ \/ _` | \ \ \ \
 \\/  ___)| |_)| | | | | || (_| |  ) ) ) )
  '  |____| .__|_| |_|_| |_\__, | / / / /
 =========|_|==============|___/=/_/_/_/

 :: Spring Boot ::                (v3.4.3)

2025-03-20T17:44:13.471+01:00  INFO 36146 --- [spring_boot_demo] [           main] c.b2b.spring.boot.demo.ApplicationTests  : Starting ApplicationTests using Java 21.0.6 with PID 36146 (started by surnise in /home/surnise/Documenti/Progetti/minicorso/SpringBoot/spring.boot.demo)
2025-03-20T17:44:13.475+01:00  INFO 36146 --- [spring_boot_demo] [           main] c.b2b.spring.boot.demo.ApplicationTests  : No active profile set, falling back to 1 default profile: "default"
2025-03-20T17:44:15.497+01:00  INFO 36146 --- [spring_boot_demo] [           main] .s.d.r.c.RepositoryConfigurationDelegate : Bootstrapping Spring Data JPA repositories in DEFAULT mode.
2025-03-20T17:44:15.628+01:00  INFO 36146 --- [spring_boot_demo] [           main] .s.d.r.c.RepositoryConfigurationDelegate : Finished Spring Data repository scanning in 116 ms. Found 1 JPA repository interface.
2025-03-20T17:44:16.474+01:00  INFO 36146 --- [spring_boot_demo] [           main] o.s.cloud.context.scope.GenericScope     : BeanFactory id=27805b89-b285-3954-b7f6-ea9702e657a5
2025-03-20T17:44:17.262+01:00  INFO 36146 --- [spring_boot_demo] [           main] o.hibernate.jpa.internal.util.LogHelper  : HHH000204: Processing PersistenceUnitInfo [name: default]
2025-03-20T17:44:17.343+01:00  INFO 36146 --- [spring_boot_demo] [           main] org.hibernate.Version                    : HHH000412: Hibernate ORM core version 6.6.8.Final
2025-03-20T17:44:17.435+01:00  INFO 36146 --- [spring_boot_demo] [           main] o.h.c.internal.RegionFactoryInitiator    : HHH000026: Second-level cache disabled
2025-03-20T17:44:18.031+01:00  INFO 36146 --- [spring_boot_demo] [           main] o.s.o.j.p.SpringPersistenceUnitInfo      : No LoadTimeWeaver setup: ignoring JPA class transformer
2025-03-20T17:44:18.081+01:00  INFO 36146 --- [spring_boot_demo] [           main] com.zaxxer.hikari.HikariDataSource       : HikariPool-1 - Starting...
2025-03-20T17:44:18.406+01:00  INFO 36146 --- [spring_boot_demo] [           main] com.zaxxer.hikari.pool.HikariPool        : HikariPool-1 - Added connection conn0: url=jdbc:h2:mem:spring_boot_demo user=SA
2025-03-20T17:44:18.409+01:00  INFO 36146 --- [spring_boot_demo] [           main] com.zaxxer.hikari.HikariDataSource       : HikariPool-1 - Start completed.
2025-03-20T17:44:18.467+01:00  WARN 36146 --- [spring_boot_demo] [           main] org.hibernate.orm.deprecation            : HHH90000025: H2Dialect does not need to be specified explicitly using 'hibernate.dialect' (remove the property setting and it will be selected by default)
2025-03-20T17:44:18.514+01:00  INFO 36146 --- [spring_boot_demo] [           main] org.hibernate.orm.connections.pooling    : HHH10001005: Database info:
	Database JDBC URL [Connecting through datasource 'HikariDataSource (HikariPool-1)']
	Database driver: undefined/unknown
	Database version: 2.3.232
	Autocommit mode: undefined/unknown
	Isolation level: undefined/unknown
	Minimum pool size: undefined/unknown
	Maximum pool size: undefined/unknown
2025-03-20T17:44:19.946+01:00  INFO 36146 --- [spring_boot_demo] [           main] o.h.e.t.j.p.i.JtaPlatformInitiator       : HHH000489: No JTA platform available (set 'hibernate.transaction.jta.platform' to enable JTA platform integration)
Hibernate: create table utente (iduser bigint generated by default as identity, dettaglio varchar(255), email varchar(255) not null, name varchar(255) not null, primary key (iduser))
2025-03-20T17:44:20.068+01:00  INFO 36146 --- [spring_boot_demo] [           main] j.LocalContainerEntityManagerFactoryBean : Initialized JPA EntityManagerFactory for persistence unit 'default'
2025-03-20T17:44:20.295+01:00  WARN 36146 --- [spring_boot_demo] [           main] JpaBaseConfiguration$JpaWebConfiguration : spring.jpa.open-in-view is enabled by default. Therefore, database queries may be performed during view rendering. Explicitly configure spring.jpa.open-in-view to disable this warning
Profile: spring_boot_demo
2025-03-20T17:44:21.164+01:00  INFO 36146 --- [spring_boot_demo] [           main] eAuthenticationProviderManagerConfigurer : Global AuthenticationManager configured with AuthenticationProvider bean with name authenticationProvider
2025-03-20T17:44:21.165+01:00  WARN 36146 --- [spring_boot_demo] [           main] r$InitializeUserDetailsManagerConfigurer : Global AuthenticationManager configured with an AuthenticationProvider bean. UserDetailsService beans will not be used by Spring Security for automatically configuring username/password login. Consider removing the AuthenticationProvider bean. Alternatively, consider using the UserDetailsService in a manually instantiated DaoAuthenticationProvider. If the current configuration is intentional, to turn off this warning, increase the logging level of 'org.springframework.security.config.annotation.authentication.configuration.InitializeUserDetailsBeanManagerConfigurer' to ERROR
2025-03-20T17:44:23.550+01:00  INFO 36146 --- [spring_boot_demo] [           main] c.b2b.spring.boot.demo.ApplicationTests  : Started ApplicationTests in 10.873 seconds (process running for 14.424)
]]></system-out>
    <system-err><![CDATA[Mockito is currently self-attaching to enable the inline-mock-maker. This will no longer work in future releases of the JDK. Please add Mockito as an agent to your build what is described in Mockito's documentation: https://javadoc.io/doc/org.mockito/mockito-core/latest/org/mockito/Mockito.html#0.3
WARNING: A Java agent has been loaded dynamically (/home/surnise/.m2/repository/net/bytebuddy/byte-buddy-agent/1.15.11/byte-buddy-agent-1.15.11.jar)
WARNING: If a serviceability tool is in use, please run with -XX:+EnableDynamicAgentLoading to hide this warning
WARNING: If a serviceability tool is not in use, please run with -Djdk.instrument.traceUsage for more information
WARNING: Dynamic loading of agents will be disallowed by default in a future release
]]></system-err>
  </testcase>
</testsuite>